(0000) 3000  0011000000000000 (   7)                 .ORIG x3000
(3000) 2C70  0010110001110000 (  20)                 LD    R6 STACKBOTTOM
(3001) E218  1110001000011000 (  21)                 LEA   R1 ARRAY
(3002) 2437  0010010000110111 (  22)                 LD    R2 SIZE
(3003) E06E  1110000001101110 (  23)                 LEA   R0 MESSAGE
(3004) F022  1111000000100010 (  24)                 TRAP  x22
(3005) 491C  0100100100011100 (  25)                 JSR   GETS
(3006) 48F4  0100100011110100 (  26)                 JSR   INT
(3007) 12A0  0001001010100000 (  27)                 ADD   R1 R2 #0
(3008) 3463  0011010001100011 (  28)                 ST    R2 ORIGNUMBER
(3009) 4890  0100100010010000 (  29)                 JSR   FACTORIAL
(300A) 3262  0011001001100010 (  30)                 ST    R1 FACT
(300B) E077  1110000001110111 (  31)                 LEA   R0 MESSAGE2
(300C) F022  1111000000100010 (  32)                 TRAP  x22
(300D) E24A  1110001001001010 (  33)                 LEA   R1 NUMARRAY
(300E) 245D  0010010001011101 (  34)                 LD    R2 ORIGNUMBER
(300F) 48C5  0100100011000101 (  35)                 JSR   TOSTRING
(3010) 1060  0001000001100000 (  36)                 ADD   R0 R1 #0
(3011) F022  1111000000100010 (  37)                 TRAP  x22
(3012) E082  1110000010000010 (  38)                 LEA   R0 MESSAGE3
(3013) F022  1111000000100010 (  39)                 TRAP  x22
(3014) E248  1110001001001000 (  40)                 LEA   R1 FACTARRAY
(3015) 2457  0010010001010111 (  41)                 LD    R2 FACT
(3016) 48BE  0100100010111110 (  42)                 JSR   TOSTRING
(3017) 1060  0001000001100000 (  43)                 ADD   R0 R1 #0
(3018) F022  1111000000100010 (  44)                 TRAP  x22
(3019) F025  1111000000100101 (  45)                 TRAP  x25
(301A) 0000  0000000000000000 (  49) ARRAY           .FILL x0000
(301B) 0000  0000000000000000 (  49)                 .FILL x0000
(301C) 0000  0000000000000000 (  49)                 .FILL x0000
(301D) 0000  0000000000000000 (  49)                 .FILL x0000
(301E) 0000  0000000000000000 (  49)                 .FILL x0000
(301F) 0000  0000000000000000 (  49)                 .FILL x0000
(3020) 0000  0000000000000000 (  49)                 .FILL x0000
(3021) 0000  0000000000000000 (  49)                 .FILL x0000
(3022) 0000  0000000000000000 (  49)                 .FILL x0000
(3023) 0000  0000000000000000 (  49)                 .FILL x0000
(3024) 0000  0000000000000000 (  49)                 .FILL x0000
(3025) 0000  0000000000000000 (  49)                 .FILL x0000
(3026) 0000  0000000000000000 (  49)                 .FILL x0000
(3027) 0000  0000000000000000 (  49)                 .FILL x0000
(3028) 0000  0000000000000000 (  49)                 .FILL x0000
(3029) 0000  0000000000000000 (  49)                 .FILL x0000
(302A) 0000  0000000000000000 (  49)                 .FILL x0000
(302B) 0000  0000000000000000 (  49)                 .FILL x0000
(302C) 0000  0000000000000000 (  49)                 .FILL x0000
(302D) 0000  0000000000000000 (  49)                 .FILL x0000
(302E) 0000  0000000000000000 (  49)                 .FILL x0000
(302F) 0000  0000000000000000 (  49)                 .FILL x0000
(3030) 0000  0000000000000000 (  49)                 .FILL x0000
(3031) 0000  0000000000000000 (  49)                 .FILL x0000
(3032) 0000  0000000000000000 (  49)                 .FILL x0000
(3033) 0000  0000000000000000 (  49)                 .FILL x0000
(3034) 0000  0000000000000000 (  49)                 .FILL x0000
(3035) 0000  0000000000000000 (  49)                 .FILL x0000
(3036) 0000  0000000000000000 (  49)                 .FILL x0000
(3037) 0000  0000000000000000 (  49)                 .FILL x0000
(3038) 0000  0000000000000000 (  49)                 .FILL x0000
(3039) 0000  0000000000000000 (  49)                 .FILL x0000
(303A) 0000  0000000000000000 (  50) SIZE            .FILL x0000
(303B) 0000  0000000000000000 (  50)                 .FILL x0000
(303C) 0000  0000000000000000 (  50)                 .FILL x0000
(303D) 0000  0000000000000000 (  50)                 .FILL x0000
(303E) 0000  0000000000000000 (  50)                 .FILL x0000
(303F) 0000  0000000000000000 (  50)                 .FILL x0000
(3040) 0000  0000000000000000 (  50)                 .FILL x0000
(3041) 0000  0000000000000000 (  50)                 .FILL x0000
(3042) 0000  0000000000000000 (  50)                 .FILL x0000
(3043) 0000  0000000000000000 (  50)                 .FILL x0000
(3044) 0000  0000000000000000 (  50)                 .FILL x0000
(3045) 0000  0000000000000000 (  50)                 .FILL x0000
(3046) 0000  0000000000000000 (  50)                 .FILL x0000
(3047) 0000  0000000000000000 (  50)                 .FILL x0000
(3048) 0000  0000000000000000 (  50)                 .FILL x0000
(3049) 0000  0000000000000000 (  50)                 .FILL x0000
(304A) 0000  0000000000000000 (  50)                 .FILL x0000
(304B) 0000  0000000000000000 (  50)                 .FILL x0000
(304C) 0000  0000000000000000 (  50)                 .FILL x0000
(304D) 0000  0000000000000000 (  50)                 .FILL x0000
(304E) 0000  0000000000000000 (  50)                 .FILL x0000
(304F) 0000  0000000000000000 (  50)                 .FILL x0000
(3050) 0000  0000000000000000 (  50)                 .FILL x0000
(3051) 0000  0000000000000000 (  50)                 .FILL x0000
(3052) 0000  0000000000000000 (  50)                 .FILL x0000
(3053) 0000  0000000000000000 (  50)                 .FILL x0000
(3054) 0000  0000000000000000 (  50)                 .FILL x0000
(3055) 0000  0000000000000000 (  50)                 .FILL x0000
(3056) 0000  0000000000000000 (  50)                 .FILL x0000
(3057) 0000  0000000000000000 (  50)                 .FILL x0000
(3058) 0000  0000000000000000 (  51) NUMARRAY        .FILL x0000
(3059) 0000  0000000000000000 (  51)                 .FILL x0000
(305A) 0000  0000000000000000 (  51)                 .FILL x0000
(305B) 0000  0000000000000000 (  51)                 .FILL x0000
(305C) 0000  0000000000000000 (  51)                 .FILL x0000
(305D) 0000  0000000000000000 (  52) FACTARRAY       .FILL x0000
(305E) 0000  0000000000000000 (  52)                 .FILL x0000
(305F) 0000  0000000000000000 (  52)                 .FILL x0000
(3060) 0000  0000000000000000 (  52)                 .FILL x0000
(3061) 0000  0000000000000000 (  52)                 .FILL x0000
(3062) 0000  0000000000000000 (  52)                 .FILL x0000
(3063) 0000  0000000000000000 (  52)                 .FILL x0000
(3064) 0000  0000000000000000 (  52)                 .FILL x0000
(3065) 0000  0000000000000000 (  52)                 .FILL x0000
(3066) 0000  0000000000000000 (  52)                 .FILL x0000
(3067) 0000  0000000000000000 (  52)                 .FILL x0000
(3068) 0000  0000000000000000 (  52)                 .FILL x0000
(3069) 0000  0000000000000000 (  52)                 .FILL x0000
(306A) 0000  0000000000000000 (  52)                 .FILL x0000
(306B) 0000  0000000000000000 (  52)                 .FILL x0000
(306C) 0000  0000000000000000 (  53) ORIGNUMBER      .FILL x0000
(306D) 0000  0000000000000000 (  54) FACT            .FILL x0000
(306E) 0000  0000000000000000 (  55) QUOTIENT        .FILL x0000
(306F) 0005  0000000000000101 (  55) DIVISOR         .FILL x0005
(3070) 0000  0000000000000000 (  57) REMAINDER       .FILL x0000
(3071) FDFF  1111110111111111 (  57) STACKBOTTOM     .FILL xFDFF
(3072) 0045  0000000001000101 (  58) MESSAGE         .FILL x0045
(3073) 006E  0000000001101110 (  58)                 .FILL x006E
(3074) 0074  0000000001110100 (  58)                 .FILL x0074
(3075) 0065  0000000001100101 (  58)                 .FILL x0065
(3076) 0072  0000000001110010 (  58)                 .FILL x0072
(3077) 0020  0000000000100000 (  58)                 .FILL x0020
(3078) 0061  0000000001100001 (  58)                 .FILL x0061
(3079) 0020  0000000000100000 (  58)                 .FILL x0020
(307A) 006E  0000000001101110 (  58)                 .FILL x006E
(307B) 0075  0000000001110101 (  58)                 .FILL x0075
(307C) 006D  0000000001101101 (  58)                 .FILL x006D
(307D) 0062  0000000001100010 (  58)                 .FILL x0062
(307E) 0065  0000000001100101 (  58)                 .FILL x0065
(307F) 0072  0000000001110010 (  58)                 .FILL x0072
(3080) 003A  0000000000111010 (  58)                 .FILL x003A
(3081) 0020  0000000000100000 (  58)                 .FILL x0020
(3082) 0000  0000000000000000 (  58)                 .FILL x0000
(3083) 0054  0000000001010100 (  59) MESSAGE2        .FILL x0054
(3084) 0068  0000000001101000 (  59)                 .FILL x0068
(3085) 0065  0000000001100101 (  59)                 .FILL x0065
(3086) 0020  0000000000100000 (  59)                 .FILL x0020
(3087) 0066  0000000001100110 (  59)                 .FILL x0066
(3088) 0061  0000000001100001 (  59)                 .FILL x0061
(3089) 0063  0000000001100011 (  59)                 .FILL x0063
(308A) 0074  0000000001110100 (  59)                 .FILL x0074
(308B) 006F  0000000001101111 (  59)                 .FILL x006F
(308C) 0072  0000000001110010 (  59)                 .FILL x0072
(308D) 0069  0000000001101001 (  59)                 .FILL x0069
(308E) 0061  0000000001100001 (  59)                 .FILL x0061
(308F) 006C  0000000001101100 (  59)                 .FILL x006C
(3090) 0020  0000000000100000 (  59)                 .FILL x0020
(3091) 006F  0000000001101111 (  59)                 .FILL x006F
(3092) 0066  0000000001100110 (  59)                 .FILL x0066
(3093) 0020  0000000000100000 (  59)                 .FILL x0020
(3094) 0000  0000000000000000 (  59)                 .FILL x0000
(3095) 0020  0000000000100000 (  60) MESSAGE3        .FILL x0020
(3096) 0069  0000000001101001 (  60)                 .FILL x0069
(3097) 0073  0000000001110011 (  60)                 .FILL x0073
(3098) 0020  0000000000100000 (  60)                 .FILL x0020
(3099) 0000  0000000000000000 (  60)                 .FILL x0000
(309A) 11E0  0001000111100000 (  76) FACTORIAL       ADD   R0 R7 #0
(309B) 48A9  0100100010101001 (  77)                 JSR   PUSH
(309C) 10E0  0001000011100000 (  78)                 ADD   R0 R3 #0
(309D) 48A7  0100100010100111 (  79)                 JSR   PUSH
(309E) 10A0  0001000010100000 (  80)                 ADD   R0 R2 #0
(309F) 48A5  0100100010100101 (  81)                 JSR   PUSH
(30A0) 240C  0010010000001100 (  82)                 LD    R2 FACTONE
(30A1) 480C  0100100000001100 (  83) FACTLOOP        JSR   MUL
(30A2) 14E0  0001010011100000 (  84)                 ADD   R2 R3 #0
(30A3) 127F  0001001001111111 (  85)                 ADD   R1 R1 #-1
(30A4) 03FC  0000001111111100 (  86)                 BRP   FACTLOOP
(30A5) 12A0  0001001010100000 (  87)                 ADD   R1 R2 #0
(30A6) 48A1  0100100010100001 (  88)                 JSR   POP
(30A7) 1420  0001010000100000 (  89)                 ADD   R2 R0 #0
(30A8) 489F  0100100010011111 (  90)                 JSR   POP
(30A9) 1620  0001011000100000 (  91)                 ADD   R3 R0 #0
(30AA) 489D  0100100010011101 (  92)                 JSR   POP
(30AB) 1E20  0001111000100000 (  93)                 ADD   R7 R0 #0
(30AC) C1C0  1100000111000000 (  94)                 RET   
(30AD) 0001  0000000000000001 (  97) FACTONE         .FILL x0001
(30AE) 11E0  0001000111100000 ( 114) MUL             ADD   R0 R7 #0
(30AF) 4895  0100100010010101 ( 115)                 JSR   PUSH
(30B0) 1060  0001000001100000 ( 116)                 ADD   R0 R1 #0
(30B1) 4893  0100100010010011 ( 117)                 JSR   PUSH
(30B2) 56E0  0101011011100000 ( 118)                 AND   R3 R3 #0
(30B3) 1260  0001001001100000 ( 119)                 ADD   R1 R1 #0
(30B4) 0405  0000010000000101 ( 120)                 BRZ   ENDMUL
(30B5) 14A0  0001010010100000 ( 121)                 ADD   R2 R2 #0
(30B6) 0403  0000010000000011 ( 122)                 BRZ   ENDMUL
(30B7) 16C2  0001011011000010 ( 123) MULLOOP         ADD   R3 R3 R2
(30B8) 127F  0001001001111111 ( 124)                 ADD   R1 R1 #-1
(30B9) 03FD  0000001111111101 ( 125)                 BRP   MULLOOP
(30BA) 488D  0100100010001101 ( 126) ENDMUL          JSR   POP
(30BB) 1220  0001001000100000 ( 127)                 ADD   R1 R0 #0
(30BC) 488B  0100100010001011 ( 128)                 JSR   POP
(30BD) 1E20  0001111000100000 ( 129)                 ADD   R7 R0 #0
(30BE) C1C0  1100000111000000 ( 131)                 RET   
(30BF) 11E0  0001000111100000 ( 148) DIV             ADD   R0 R7 #0
(30C0) 4884  0100100010000100 ( 149)                 JSR   PUSH
(30C1) 10A0  0001000010100000 ( 150)                 ADD   R0 R2 #0
(30C2) 4882  0100100010000010 ( 151)                 JSR   PUSH
(30C3) 1060  0001000001100000 ( 152)                 ADD   R0 R1 #0
(30C4) 4880  0100100010000000 ( 153)                 JSR   PUSH
(30C5) 94BF  1001010010111111 ( 154)                 NOT   R2 R2
(30C6) 14A1  0001010010100001 ( 155)                 ADD   R2 R2 #1
(30C7) 56E0  0101011011100000 ( 156)                 AND   R3 R3 #0
(30C8) 1842  0001100001000010 ( 157) DIVLOOP         ADD   R4 R1 R2
(30C9) 0803  0000100000000011 ( 158)                 BRN   ENDDIV
(30CA) 1242  0001001001000010 ( 159)                 ADD   R1 R1 R2
(30CB) 16E1  0001011011100001 ( 160)                 ADD   R3 R3 #1
(30CC) 0FFB  0000111111111011 ( 161)                 BRNZP DIVLOOP
(30CD) 1860  0001100001100000 ( 162) ENDDIV          ADD   R4 R1 #0
(30CE) 4879  0100100001111001 ( 163)                 JSR   POP
(30CF) 1220  0001001000100000 ( 164)                 ADD   R1 R0 #0
(30D0) 4877  0100100001110111 ( 165)                 JSR   POP
(30D1) 1420  0001010000100000 ( 166)                 ADD   R2 R0 #0
(30D2) 4875  0100100001110101 ( 167)                 JSR   POP
(30D3) 1E20  0001111000100000 ( 168)                 ADD   R7 R0 #0
(30D4) C1C0  1100000111000000 ( 169)                 RET   
(30D5) 3224  0011001000100100 ( 177) TOSTRING        ST    R1 STRBASE
(30D6) 11E0  0001000111100000 ( 178)                 ADD   R0 R7 #0
(30D7) 486D  0100100001101101 ( 179)                 JSR   PUSH
(30D8) 1120  0001000100100000 ( 180)                 ADD   R0 R4 #0
(30D9) 486B  0100100001101011 ( 181)                 JSR   PUSH
(30DA) 10E0  0001000011100000 ( 182)                 ADD   R0 R3 #0
(30DB) 4869  0100100001101001 ( 183)                 JSR   PUSH
(30DC) 10A0  0001000010100000 ( 184)                 ADD   R0 R2 #0
(30DD) 4867  0100100001100111 ( 185)                 JSR   PUSH
(30DE) 5020  0101000000100000 ( 186)                 AND   R0 R0 #0
(30DF) 4865  0100100001100101 ( 187)                 JSR   PUSH
(30E0) 12A0  0001001010100000 ( 188)                 ADD   R1 R2 #0
(30E1) 243E  0010010000111110 ( 189) STRLOOP         LD    R2 INT10
(30E2) 4FDC  0100111111011100 ( 190)                 JSR   DIV
(30E3) 2415  0010010000010101 ( 191)                 LD    R2 CHRZERO
(30E4) 1102  0001000100000010 ( 192)                 ADD   R0 R4 R2
(30E5) 485F  0100100001011111 ( 193)                 JSR   PUSH
(30E6) 12E0  0001001011100000 ( 194)                 ADD   R1 R3 #0
(30E7) 03F9  0000001111111001 ( 195)                 BRP   STRLOOP
(30E8) 2211  0010001000010001 ( 197)                 LD    R1 STRBASE
(30E9) 485E  0100100001011110 ( 198) POPLOOP         JSR   POP
(30EA) 7040  0111000001000000 ( 199)                 STR   R0 R1 #0
(30EB) 1020  0001000000100000 ( 200)                 ADD   R0 R0 #0
(30EC) 0402  0000010000000010 ( 201)                 BRZ   ENDPOP
(30ED) 1261  0001001001100001 ( 202)                 ADD   R1 R1 #1
(30EE) 0FFA  0000111111111010 ( 203)                 BRNZP POPLOOP
(30EF) 220A  0010001000001010 ( 205) ENDPOP          LD    R1 STRBASE
(30F0) 4857  0100100001010111 ( 206)                 JSR   POP
(30F1) 1420  0001010000100000 ( 207)                 ADD   R2 R0 #0
(30F2) 4855  0100100001010101 ( 208)                 JSR   POP
(30F3) 1620  0001011000100000 ( 209)                 ADD   R3 R0 #0
(30F4) 4853  0100100001010011 ( 210)                 JSR   POP
(30F5) 1820  0001100000100000 ( 211)                 ADD   R4 R0 #0
(30F6) 4851  0100100001010001 ( 212)                 JSR   POP
(30F7) 1E20  0001111000100000 ( 213)                 ADD   R7 R0 #0
(30F8) C1C0  1100000111000000 ( 214)                 RET   
(30F9) 0030  0000000000110000 ( 217) CHRZERO         .FILL x0030
(30FA) 0000  0000000000000000 ( 229) STRBASE         .FILL x0000
(30FB) 54A0  0101010010100000 ( 229) INT             AND   R2 R2 #0
(30FC) 11E0  0001000111100000 ( 230)                 ADD   R0 R7 #0
(30FD) 4847  0100100001000111 ( 231)                 JSR   PUSH
(30FE) 1060  0001000001100000 ( 232)                 ADD   R0 R1 #0
(30FF) 4845  0100100001000101 ( 233)                 JSR   PUSH
(3100) 10E0  0001000011100000 ( 234)                 ADD   R0 R3 #0
(3101) 4843  0100100001000011 ( 235)                 JSR   PUSH
(3102) 1120  0001000100100000 ( 236)                 ADD   R0 R4 #0
(3103) 4841  0100100001000001 ( 237)                 JSR   PUSH
(3104) 56E0  0101011011100000 ( 238)                 AND   R3 R3 #0
(3105) 361B  0011011000011011 ( 239)                 ST    R3 INTSUM
(3106) 1860  0001100001100000 ( 240)                 ADD   R4 R1 #0
(3107) 6300  0110001100000000 ( 241) INTLOOP         LDR   R1 R4 #0
(3108) 040B  0000010000001011 ( 242)                 BRZ   ENDINT
(3109) 2415  0010010000010101 ( 243)                 LD    R2 ORDZERO
(310A) 1242  0001001001000010 ( 244)                 ADD   R1 R1 R2
(310B) 3212  0011001000010010 ( 245)                 ST    R1 INTDIGIT
(310C) 2214  0010001000010100 ( 246)                 LD    R1 INTSUM
(310D) 2412  0010010000010010 ( 247)                 LD    R2 INT10
(310E) 4F9F  0100111110011111 ( 248)                 JSR   MUL
(310F) 220E  0010001000001110 ( 249)                 LD    R1 INTDIGIT
(3110) 16C1  0001011011000001 ( 250)                 ADD   R3 R3 R1
(3111) 360F  0011011000001111 ( 251)                 ST    R3 INTSUM
(3112) 1921  0001100100100001 ( 252)                 ADD   R4 R4 #1
(3113) 0FF3  0000111111110011 ( 253)                 BRNZP INTLOOP
(3114) 240C  0010010000001100 ( 254) ENDINT          LD    R2 INTSUM
(3115) 4832  0100100000110010 ( 255)                 JSR   POP
(3116) 1820  0001100000100000 ( 256)                 ADD   R4 R0 #0
(3117) 4830  0100100000110000 ( 257)                 JSR   POP
(3118) 1620  0001011000100000 ( 258)                 ADD   R3 R0 #0
(3119) 482E  0100100000101110 ( 259)                 JSR   POP
(311A) 1220  0001001000100000 ( 260)                 ADD   R1 R0 #0
(311B) 482C  0100100000101100 ( 261)                 JSR   POP
(311C) 1E20  0001111000100000 ( 262)                 ADD   R7 R0 #0
(311D) C1C0  1100000111000000 ( 264)                 RET   
(311E) 0000  0000000000000000 ( 268) INTDIGIT        .FILL x0000
(311F) FFD0  1111111111010000 ( 268) ORDZERO         .FILL xFFD0
(3120) 000A  0000000000001010 ( 269) INT10           .FILL x000A
(3121) 0000  0000000000000000 ( 270) INTSUM          .FILL x0000
(3122) 11E0  0001000111100000 ( 278) GETS            ADD   R0 R7 #0
(3123) 4821  0100100000100001 ( 279)                 JSR   PUSH
(3124) 1060  0001000001100000 ( 280)                 ADD   R0 R1 #0
(3125) 481F  0100100000011111 ( 281)                 JSR   PUSH
(3126) 10A0  0001000010100000 ( 282)                 ADD   R0 R2 #0
(3127) 481D  0100100000011101 ( 283)                 JSR   PUSH
(3128) 10E0  0001000011100000 ( 284)                 ADD   R0 R3 #0
(3129) 481B  0100100000011011 ( 285)                 JSR   PUSH
(312A) 1120  0001000100100000 ( 286)                 ADD   R0 R4 #0
(312B) 4819  0100100000011001 ( 287)                 JSR   PUSH
(312C) F020  1111000000100000 ( 288) WHILE           TRAP  x20
(312D) F021  1111000000100001 ( 289)                 TRAP  x21
(312E) 5920  0101100100100000 ( 290)                 AND   R4 R4 #0
(312F) 1836  0001100000110110 ( 291)                 ADD   R4 R0 #-10
(3130) 0407  0000010000000111 ( 292)                 BRZ   ENDWHILE
(3131) 5920  0101100100100000 ( 293)                 AND   R4 R4 #0
(3132) 1833  0001100000110011 ( 294)                 ADD   R4 R0 #-13
(3133) 0404  0000010000000100 ( 295)                 BRZ   ENDWHILE
(3134) 7040  0111000001000000 ( 296)                 STR   R0 R1 #0
(3135) 1261  0001001001100001 ( 297)                 ADD   R1 R1 #1
(3136) 14BF  0001010010111111 ( 298)                 ADD   R2 R2 #-1
(3137) 0FF4  0000111111110100 ( 299)                 BRNZP WHILE
(3138) 5920  0101100100100000 ( 301) ENDWHILE        AND   R4 R4 #0
(3139) 7840  0111100001000000 ( 302)                 STR   R4 R1 #0
(313A) 480D  0100100000001101 ( 303)                 JSR   POP
(313B) 1820  0001100000100000 ( 304)                 ADD   R4 R0 #0
(313C) 480B  0100100000001011 ( 305)                 JSR   POP
(313D) 1620  0001011000100000 ( 306)                 ADD   R3 R0 #0
(313E) 4809  0100100000001001 ( 307)                 JSR   POP
(313F) 1420  0001010000100000 ( 308)                 ADD   R2 R0 #0
(3140) 4807  0100100000000111 ( 309)                 JSR   POP
(3141) 1220  0001001000100000 ( 310)                 ADD   R1 R0 #0
(3142) 4805  0100100000000101 ( 311)                 JSR   POP
(3143) 1E20  0001111000100000 ( 312)                 ADD   R7 R0 #0
(3144) C1C0  1100000111000000 ( 313)                 RET   
(3145) 1DBF  0001110110111111 ( 321) PUSH            ADD   R6 R6 #-1
(3146) 7180  0111000110000000 ( 322)                 STR   R0 R6 #0
(3147) C1C0  1100000111000000 ( 323)                 RET   
(3148) 6180  0110000110000000 ( 329) POP             LDR   R0 R6 #0
(3149) 1DA1  0001110110100001 ( 330)                 ADD   R6 R6 #1
(314A) C1C0  1100000111000000 ( 331)                 RET   
